<?xml version="1.0" encoding="UTF-8"?>
<testsuite name="com.iamkhs.book.SpringBootBookRestApplicationTests" tests="1" skipped="0" failures="0" errors="0" timestamp="2023-11-18T20:04:09" hostname="iamkhss-Mini" time="0.414">
  <properties/>
  <testcase name="contextLoads()" classname="com.iamkhs.book.SpringBootBookRestApplicationTests" time="0.414"/>
  <system-out><![CDATA[02:04:08.800 [Test worker] INFO org.springframework.test.context.support.AnnotationConfigContextLoaderUtils -- Could not detect default configuration classes for test class [com.iamkhs.book.SpringBootBookRestApplicationTests]: SpringBootBookRestApplicationTests does not declare any static, non-private, non-final, nested classes annotated with @Configuration.
02:04:08.850 [Test worker] INFO org.springframework.boot.test.context.SpringBootTestContextBootstrapper -- Found @SpringBootConfiguration com.iamkhs.book.MainApplication for test class com.iamkhs.book.SpringBootBookRestApplicationTests

  .   ____          _            __ _ _
 /\\ / ___'_ __ _ _(_)_ __  __ _ \ \ \ \
( ( )\___ | '_ | '_| | '_ \/ _` | \ \ \ \
 \\/  ___)| |_)| | | | | || (_| |  ) ) ) )
  '  |____| .__|_| |_|_| |_\__, | / / / /
 =========|_|==============|___/=/_/_/_/
 :: Spring Boot ::                (v3.1.0)

2023-11-19T02:04:09.004+06:00  INFO 5341 --- [    Test worker] c.i.b.SpringBootBookRestApplicationTests : Starting SpringBootBookRestApplicationTests using Java 17.0.6 with PID 5341 (started by iamkhs in /Users/iamkhs/IdeaProjects/SpringBootBookRest)
2023-11-19T02:04:09.005+06:00  INFO 5341 --- [    Test worker] c.i.b.SpringBootBookRestApplicationTests : No active profile set, falling back to 1 default profile: "default"
2023-11-19T02:04:09.566+06:00  INFO 5341 --- [    Test worker] c.i.b.SpringBootBookRestApplicationTests : Started SpringBootBookRestApplicationTests in 0.655 seconds (process running for 1.181)
]]></system-out>
  <system-err><![CDATA[]]></system-err>
</testsuite>
