<?xml version="1.0" encoding="UTF-8"?>
<testsuite name="com.iamkhs.book.SpringBootBookRestApplicationTests" tests="1" skipped="0" failures="0" errors="0" timestamp="2023-11-18T19:48:25" hostname="iamkhss-Mini" time="0.352">
  <properties/>
  <testcase name="contextLoads()" classname="com.iamkhs.book.SpringBootBookRestApplicationTests" time="0.352"/>
  <system-out><![CDATA[01:48:23.834 [Test worker] INFO org.springframework.test.context.support.AnnotationConfigContextLoaderUtils -- Could not detect default configuration classes for test class [com.iamkhs.book.SpringBootBookRestApplicationTests]: SpringBootBookRestApplicationTests does not declare any static, non-private, non-final, nested classes annotated with @Configuration.
01:48:23.873 [Test worker] INFO org.springframework.boot.test.context.SpringBootTestContextBootstrapper -- Found @SpringBootConfiguration com.iamkhs.book.MainApplication for test class com.iamkhs.book.SpringBootBookRestApplicationTests

  .   ____          _            __ _ _
 /\\ / ___'_ __ _ _(_)_ __  __ _ \ \ \ \
( ( )\___ | '_ | '_| | '_ \/ _` | \ \ \ \
 \\/  ___)| |_)| | | | | || (_| |  ) ) ) )
  '  |____| .__|_| |_|_| |_\__, | / / / /
 =========|_|==============|___/=/_/_/_/
 :: Spring Boot ::                (v3.1.0)

2023-11-19T01:48:24.029+06:00  INFO 4795 --- [    Test worker] c.i.b.SpringBootBookRestApplicationTests : Starting SpringBootBookRestApplicationTests using Java 17.0.6 with PID 4795 (started by iamkhs in /Users/iamkhs/IdeaProjects/SpringBootBookRest)
2023-11-19T01:48:24.030+06:00  INFO 4795 --- [    Test worker] c.i.b.SpringBootBookRestApplicationTests : No active profile set, falling back to 1 default profile: "default"
2023-11-19T01:48:24.291+06:00  INFO 4795 --- [    Test worker] .s.d.r.c.RepositoryConfigurationDelegate : Multiple Spring Data modules found, entering strict repository configuration mode
2023-11-19T01:48:24.292+06:00  INFO 4795 --- [    Test worker] .s.d.r.c.RepositoryConfigurationDelegate : Bootstrapping Spring Data JPA repositories in DEFAULT mode.
2023-11-19T01:48:24.357+06:00  INFO 4795 --- [    Test worker] .s.d.r.c.RepositoryConfigurationDelegate : Finished Spring Data repository scanning in 62 ms. Found 1 JPA repository interfaces.
2023-11-19T01:48:24.366+06:00  INFO 4795 --- [    Test worker] .s.d.r.c.RepositoryConfigurationDelegate : Multiple Spring Data modules found, entering strict repository configuration mode
2023-11-19T01:48:24.367+06:00  INFO 4795 --- [    Test worker] .s.d.r.c.RepositoryConfigurationDelegate : Bootstrapping Spring Data Redis repositories in DEFAULT mode.
2023-11-19T01:48:24.372+06:00  INFO 4795 --- [    Test worker] .RepositoryConfigurationExtensionSupport : Spring Data Redis - Could not safely identify store assignment for repository candidate interface com.iamkhs.book.repository.BookRepository; If you want this repository to be a Redis repository, consider annotating your entities with one of these annotations: org.springframework.data.redis.core.RedisHash (preferred), or consider extending one of the following types with your repository: org.springframework.data.keyvalue.repository.KeyValueRepository
2023-11-19T01:48:24.372+06:00  INFO 4795 --- [    Test worker] .s.d.r.c.RepositoryConfigurationDelegate : Finished Spring Data repository scanning in 2 ms. Found 0 Redis repository interfaces.
2023-11-19T01:48:24.664+06:00  INFO 4795 --- [    Test worker] o.hibernate.jpa.internal.util.LogHelper  : HHH000204: Processing PersistenceUnitInfo [name: default]
2023-11-19T01:48:24.683+06:00  INFO 4795 --- [    Test worker] org.hibernate.Version                    : HHH000412: Hibernate ORM core version 6.2.2.Final
2023-11-19T01:48:24.684+06:00  INFO 4795 --- [    Test worker] org.hibernate.cfg.Environment            : HHH000406: Using bytecode reflection optimizer
2023-11-19T01:48:24.738+06:00  INFO 4795 --- [    Test worker] o.h.b.i.BytecodeProviderInitiator        : HHH000021: Bytecode provider name : bytebuddy
2023-11-19T01:48:24.791+06:00  INFO 4795 --- [    Test worker] o.s.o.j.p.SpringPersistenceUnitInfo      : No LoadTimeWeaver setup: ignoring JPA class transformer
2023-11-19T01:48:24.798+06:00  INFO 4795 --- [    Test worker] com.zaxxer.hikari.HikariDataSource       : HikariPool-1 - Starting...
2023-11-19T01:48:24.945+06:00  INFO 4795 --- [    Test worker] com.zaxxer.hikari.pool.HikariPool        : HikariPool-1 - Added connection com.mysql.cj.jdbc.ConnectionImpl@5f369fc6
2023-11-19T01:48:24.946+06:00  INFO 4795 --- [    Test worker] com.zaxxer.hikari.HikariDataSource       : HikariPool-1 - Start completed.
2023-11-19T01:48:24.983+06:00  INFO 4795 --- [    Test worker] org.hibernate.orm.dialect                : HHH035001: Using dialect: org.hibernate.dialect.MySQLDialect, version: 8.0.32
2023-11-19T01:48:25.080+06:00  INFO 4795 --- [    Test worker] o.h.b.i.BytecodeProviderInitiator        : HHH000021: Bytecode provider name : bytebuddy
2023-11-19T01:48:25.344+06:00  INFO 4795 --- [    Test worker] o.h.e.t.j.p.i.JtaPlatformInitiator       : HHH000490: Using JtaPlatform implementation: [org.hibernate.engine.transaction.jta.platform.internal.NoJtaPlatform]
2023-11-19T01:48:25.385+06:00  INFO 4795 --- [    Test worker] j.LocalContainerEntityManagerFactoryBean : Initialized JPA EntityManagerFactory for persistence unit 'default'
2023-11-19T01:48:25.647+06:00  WARN 4795 --- [    Test worker] JpaBaseConfiguration$JpaWebConfiguration : spring.jpa.open-in-view is enabled by default. Therefore, database queries may be performed during view rendering. Explicitly configure spring.jpa.open-in-view to disable this warning
2023-11-19T01:48:25.904+06:00  INFO 4795 --- [    Test worker] c.i.b.SpringBootBookRestApplicationTests : Started SpringBootBookRestApplicationTests in 1.972 seconds (process running for 2.584)
]]></system-out>
  <system-err><![CDATA[]]></system-err>
</testsuite>
